<?xml version="1.0" encoding="UTF-8"?>
<!-- Generated by org.testng.reporters.JUnitReportReporter -->
<testsuite hostname="rsultanova-pc" name="ru.st.selenium.AddFilm" tests="1" failures="0" timestamp="7 Apr 2014 09:31:49 GMT" time="1.238" errors="0">
  <testcase name="testAddFilm" time="1.238" classname="ru.st.selenium.AddFilm"/>
</testsuite> <!-- ru.st.selenium.AddFilm -->
