<?xml version="1.0" encoding="UTF-8"?>
<!-- Generated by org.testng.reporters.JUnitReportReporter -->
<testsuite hostname="rsultanova-pc" name="ru.st.selenium.RemoveFilm" tests="1" failures="0" timestamp="7 Apr 2014 09:31:49 GMT" time="0.283" errors="0">
  <testcase name="testRemoveFilm" time="0.283" classname="ru.st.selenium.RemoveFilm"/>
</testsuite> <!-- ru.st.selenium.RemoveFilm -->
