<?xml version="1.0" encoding="UTF-8"?>
<!-- Generated by org.testng.reporters.JUnitReportReporter -->
<testsuite hostname="rsultanova-pc" name="ru.st.selenium.Login" tests="1" failures="0" timestamp="7 Apr 2014 09:31:49 GMT" time="1.936" errors="0">
  <testcase name="testLogin" time="1.936" classname="ru.st.selenium.Login"/>
</testsuite> <!-- ru.st.selenium.Login -->
