<?xml version="1.0" encoding="UTF-8"?>
<!-- Generated by org.testng.reporters.JUnitReportReporter -->
<testsuite hostname="rsultanova-pc" name="ru.st.selenium.Logout" tests="1" failures="0" timestamp="7 Apr 2014 09:31:49 GMT" time="0.463" errors="0">
  <testcase name="testLogout" time="0.463" classname="ru.st.selenium.Logout"/>
</testsuite> <!-- ru.st.selenium.Logout -->
